<?xml version="1.0" encoding="UTF-8"?>
<!-- Generated by org.testng.reporters.JUnitReportReporter -->
<testsuite hostname="DESKTOP-4H0AO0R" failures="0" tests="1" name="files.DynamicJson" time="4.213" errors="0" timestamp="2021-09-06T10:12:01 IST" skipped="0">
  <testcase classname="files.DynamicJson" name="addBook" time="4.213"/>
  <system-out/>
</testsuite> <!-- files.DynamicJson -->
