<?xml version="1.0" encoding="UTF-8"?>
<!-- Generated by org.testng.reporters.JUnitReportReporter -->
<testsuite hostname="DESKTOP-4H0AO0R" failures="0" tests="2" name="files.DynamicJson2" time="4.905" errors="0" timestamp="2021-09-06T14:47:18 IST" skipped="0">
  <testcase classname="files.DynamicJson2" name="addBook" time="4.334"/>
  <system-out/>
  <testcase classname="files.DynamicJson2" name="addBook" time="0.571"/>
  <system-out/>
</testsuite> <!-- files.DynamicJson2 -->
