<?xml version="1.0" encoding="UTF-8"?>
<!-- Generated by org.testng.reporters.JUnitReportReporter -->
<testsuite hostname="DESKTOP-4H0AO0R" failures="0" tests="1" name="SumValidation" time="3.561" errors="0" timestamp="2021-09-02T10:17:32 IST" skipped="0">
  <testcase classname="SumValidation" name="sumOfCourses" time="3.561"/>
  <system-out/>
</testsuite> <!-- SumValidation -->
